[2025-01-25 02:56:51] local.ERROR: Too many arguments to "make:migration" command, expected arguments "name". {"exception":"[object] (Symfony\\Component\\Console\\Exception\\RuntimeException(code: 0): Too many arguments to \"make:migration\" command, expected arguments \"name\". at C:\\xampp\\htdocs\\Actividad2_Laravel_Query\\23.01.25_QueryBuilder_1\\Query2\\queryB\\vendor\\symfony\\console\\Input\\ArgvInput.php:199)
[stacktrace]
#0 C:\\xampp\\htdocs\\Actividad2_Laravel_Query\\23.01.25_QueryBuilder_1\\Query2\\queryB\\vendor\\symfony\\console\\Input\\ArgvInput.php(92): Symfony\\Component\\Console\\Input\\ArgvInput->parseArgument('_usuarios_table')
#1 C:\\xampp\\htdocs\\Actividad2_Laravel_Query\\23.01.25_QueryBuilder_1\\Query2\\queryB\\vendor\\symfony\\console\\Input\\ArgvInput.php(77): Symfony\\Component\\Console\\Input\\ArgvInput->parseToken('_usuarios_table', true)
#2 C:\\xampp\\htdocs\\Actividad2_Laravel_Query\\23.01.25_QueryBuilder_1\\Query2\\queryB\\vendor\\symfony\\console\\Input\\Input.php(53): Symfony\\Component\\Console\\Input\\ArgvInput->parse()
#3 C:\\xampp\\htdocs\\Actividad2_Laravel_Query\\23.01.25_QueryBuilder_1\\Query2\\queryB\\vendor\\symfony\\console\\Command\\Command.php(238): Symfony\\Component\\Console\\Input\\Input->bind(Object(Symfony\\Component\\Console\\Input\\InputDefinition))
#4 C:\\xampp\\htdocs\\Actividad2_Laravel_Query\\23.01.25_QueryBuilder_1\\Query2\\queryB\\vendor\\laravel\\framework\\src\\Illuminate\\Console\\Command.php(182): Symfony\\Component\\Console\\Command\\Command->run(Object(Symfony\\Component\\Console\\Input\\ArgvInput), Object(Illuminate\\Console\\OutputStyle))
#5 C:\\xampp\\htdocs\\Actividad2_Laravel_Query\\23.01.25_QueryBuilder_1\\Query2\\queryB\\vendor\\symfony\\console\\Application.php(1094): Illuminate\\Console\\Command->run(Object(Symfony\\Component\\Console\\Input\\ArgvInput), Object(Symfony\\Component\\Console\\Output\\ConsoleOutput))
#6 C:\\xampp\\htdocs\\Actividad2_Laravel_Query\\23.01.25_QueryBuilder_1\\Query2\\queryB\\vendor\\symfony\\console\\Application.php(342): Symfony\\Component\\Console\\Application->doRunCommand(Object(Illuminate\\Database\\Console\\Migrations\\MigrateMakeCommand), Object(Symfony\\Component\\Console\\Input\\ArgvInput), Object(Symfony\\Component\\Console\\Output\\ConsoleOutput))
#7 C:\\xampp\\htdocs\\Actividad2_Laravel_Query\\23.01.25_QueryBuilder_1\\Query2\\queryB\\vendor\\symfony\\console\\Application.php(193): Symfony\\Component\\Console\\Application->doRun(Object(Symfony\\Component\\Console\\Input\\ArgvInput), Object(Symfony\\Component\\Console\\Output\\ConsoleOutput))
#8 C:\\xampp\\htdocs\\Actividad2_Laravel_Query\\23.01.25_QueryBuilder_1\\Query2\\queryB\\vendor\\laravel\\framework\\src\\Illuminate\\Foundation\\Console\\Kernel.php(198): Symfony\\Component\\Console\\Application->run(Object(Symfony\\Component\\Console\\Input\\ArgvInput), Object(Symfony\\Component\\Console\\Output\\ConsoleOutput))
#9 C:\\xampp\\htdocs\\Actividad2_Laravel_Query\\23.01.25_QueryBuilder_1\\Query2\\queryB\\vendor\\laravel\\framework\\src\\Illuminate\\Foundation\\Application.php(1208): Illuminate\\Foundation\\Console\\Kernel->handle(Object(Symfony\\Component\\Console\\Input\\ArgvInput), Object(Symfony\\Component\\Console\\Output\\ConsoleOutput))
#10 C:\\xampp\\htdocs\\Actividad2_Laravel_Query\\23.01.25_QueryBuilder_1\\Query2\\queryB\\artisan(13): Illuminate\\Foundation\\Application->handleCommand(Object(Symfony\\Component\\Console\\Input\\ArgvInput))
#11 {main}
"} 
[2025-01-25 04:37:58] local.ERROR: Attribute [sesource] does not exist. {"exception":"[object] (InvalidArgumentException(code: 0): Attribute [sesource] does not exist. at C:\\xampp\\htdocs\\Actividad2_Laravel_Query\\23.01.25_QueryBuilder_1\\Query2\\queryB\\vendor\\laravel\\framework\\src\\Illuminate\\Routing\\RouteRegistrar.php:113)
[stacktrace]
#0 C:\\xampp\\htdocs\\Actividad2_Laravel_Query\\23.01.25_QueryBuilder_1\\Query2\\queryB\\vendor\\laravel\\framework\\src\\Illuminate\\Routing\\Router.php(1504): Illuminate\\Routing\\RouteRegistrar->attribute('sesource', 'usuarios')
#1 C:\\xampp\\htdocs\\Actividad2_Laravel_Query\\23.01.25_QueryBuilder_1\\Query2\\queryB\\vendor\\laravel\\framework\\src\\Illuminate\\Support\\Facades\\Facade.php(361): Illuminate\\Routing\\Router->__call('sesource', Array)
#2 C:\\xampp\\htdocs\\Actividad2_Laravel_Query\\23.01.25_QueryBuilder_1\\Query2\\queryB\\routes\\web.php(13): Illuminate\\Support\\Facades\\Facade::__callStatic('sesource', Array)
#3 C:\\xampp\\htdocs\\Actividad2_Laravel_Query\\23.01.25_QueryBuilder_1\\Query2\\queryB\\vendor\\laravel\\framework\\src\\Illuminate\\Routing\\RouteFileRegistrar.php(35): require('C:\\\\xampp\\\\htdocs...')
#4 C:\\xampp\\htdocs\\Actividad2_Laravel_Query\\23.01.25_QueryBuilder_1\\Query2\\queryB\\vendor\\laravel\\framework\\src\\Illuminate\\Routing\\Router.php(513): Illuminate\\Routing\\RouteFileRegistrar->register('C:\\\\xampp\\\\htdocs...')
#5 C:\\xampp\\htdocs\\Actividad2_Laravel_Query\\23.01.25_QueryBuilder_1\\Query2\\queryB\\vendor\\laravel\\framework\\src\\Illuminate\\Routing\\Router.php(467): Illuminate\\Routing\\Router->loadRoutes('C:\\\\xampp\\\\htdocs...')
#6 C:\\xampp\\htdocs\\Actividad2_Laravel_Query\\23.01.25_QueryBuilder_1\\Query2\\queryB\\vendor\\laravel\\framework\\src\\Illuminate\\Routing\\RouteRegistrar.php(199): Illuminate\\Routing\\Router->group(Array, 'C:\\\\xampp\\\\htdocs...')
#7 C:\\xampp\\htdocs\\Actividad2_Laravel_Query\\23.01.25_QueryBuilder_1\\Query2\\queryB\\vendor\\laravel\\framework\\src\\Illuminate\\Foundation\\Configuration\\ApplicationBuilder.php(248): Illuminate\\Routing\\RouteRegistrar->group('C:\\\\xampp\\\\htdocs...')
#8 C:\\xampp\\htdocs\\Actividad2_Laravel_Query\\23.01.25_QueryBuilder_1\\Query2\\queryB\\vendor\\laravel\\framework\\src\\Illuminate\\Container\\BoundMethod.php(36): Illuminate\\Foundation\\Configuration\\ApplicationBuilder->Illuminate\\Foundation\\Configuration\\{closure}()
#9 C:\\xampp\\htdocs\\Actividad2_Laravel_Query\\23.01.25_QueryBuilder_1\\Query2\\queryB\\vendor\\laravel\\framework\\src\\Illuminate\\Container\\Util.php(43): Illuminate\\Container\\BoundMethod::Illuminate\\Container\\{closure}()
#10 C:\\xampp\\htdocs\\Actividad2_Laravel_Query\\23.01.25_QueryBuilder_1\\Query2\\queryB\\vendor\\laravel\\framework\\src\\Illuminate\\Container\\BoundMethod.php(83): Illuminate\\Container\\Util::unwrapIfClosure(Object(Closure))
#11 C:\\xampp\\htdocs\\Actividad2_Laravel_Query\\23.01.25_QueryBuilder_1\\Query2\\queryB\\vendor\\laravel\\framework\\src\\Illuminate\\Container\\BoundMethod.php(35): Illuminate\\Container\\BoundMethod::callBoundMethod(Object(Illuminate\\Foundation\\Application), Object(Closure), Object(Closure))
#12 C:\\xampp\\htdocs\\Actividad2_Laravel_Query\\23.01.25_QueryBuilder_1\\Query2\\queryB\\vendor\\laravel\\framework\\src\\Illuminate\\Container\\Container.php(694): Illuminate\\Container\\BoundMethod::call(Object(Illuminate\\Foundation\\Application), Object(Closure), Array, NULL)
#13 C:\\xampp\\htdocs\\Actividad2_Laravel_Query\\23.01.25_QueryBuilder_1\\Query2\\queryB\\vendor\\laravel\\framework\\src\\Illuminate\\Foundation\\Support\\Providers\\RouteServiceProvider.php(162): Illuminate\\Container\\Container->call(Object(Closure))
#14 C:\\xampp\\htdocs\\Actividad2_Laravel_Query\\23.01.25_QueryBuilder_1\\Query2\\queryB\\vendor\\laravel\\framework\\src\\Illuminate\\Foundation\\Support\\Providers\\RouteServiceProvider.php(59): Illuminate\\Foundation\\Support\\Providers\\RouteServiceProvider->loadRoutes()
#15 C:\\xampp\\htdocs\\Actividad2_Laravel_Query\\23.01.25_QueryBuilder_1\\Query2\\queryB\\vendor\\laravel\\framework\\src\\Illuminate\\Container\\BoundMethod.php(36): Illuminate\\Foundation\\Support\\Providers\\RouteServiceProvider->Illuminate\\Foundation\\Support\\Providers\\{closure}()
#16 C:\\xampp\\htdocs\\Actividad2_Laravel_Query\\23.01.25_QueryBuilder_1\\Query2\\queryB\\vendor\\laravel\\framework\\src\\Illuminate\\Container\\Util.php(43): Illuminate\\Container\\BoundMethod::Illuminate\\Container\\{closure}()
#17 C:\\xampp\\htdocs\\Actividad2_Laravel_Query\\23.01.25_QueryBuilder_1\\Query2\\queryB\\vendor\\laravel\\framework\\src\\Illuminate\\Container\\BoundMethod.php(83): Illuminate\\Container\\Util::unwrapIfClosure(Object(Closure))
#18 C:\\xampp\\htdocs\\Actividad2_Laravel_Query\\23.01.25_QueryBuilder_1\\Query2\\queryB\\vendor\\laravel\\framework\\src\\Illuminate\\Container\\BoundMethod.php(35): Illuminate\\Container\\BoundMethod::callBoundMethod(Object(Illuminate\\Foundation\\Application), Object(Closure), Object(Closure))
#19 C:\\xampp\\htdocs\\Actividad2_Laravel_Query\\23.01.25_QueryBuilder_1\\Query2\\queryB\\vendor\\laravel\\framework\\src\\Illuminate\\Container\\Container.php(694): Illuminate\\Container\\BoundMethod::call(Object(Illuminate\\Foundation\\Application), Object(Closure), Array, NULL)
#20 C:\\xampp\\htdocs\\Actividad2_Laravel_Query\\23.01.25_QueryBuilder_1\\Query2\\queryB\\vendor\\laravel\\framework\\src\\Illuminate\\Support\\ServiceProvider.php(144): Illuminate\\Container\\Container->call(Object(Closure))
#21 C:\\xampp\\htdocs\\Actividad2_Laravel_Query\\23.01.25_QueryBuilder_1\\Query2\\queryB\\vendor\\laravel\\framework\\src\\Illuminate\\Foundation\\Application.php(1127): Illuminate\\Support\\ServiceProvider->callBootedCallbacks()
#22 C:\\xampp\\htdocs\\Actividad2_Laravel_Query\\23.01.25_QueryBuilder_1\\Query2\\queryB\\vendor\\laravel\\framework\\src\\Illuminate\\Foundation\\Application.php(1105): Illuminate\\Foundation\\Application->bootProvider(Object(Illuminate\\Foundation\\Support\\Providers\\RouteServiceProvider))
#23 [internal function]: Illuminate\\Foundation\\Application->Illuminate\\Foundation\\{closure}(Object(Illuminate\\Foundation\\Support\\Providers\\RouteServiceProvider), 'Illuminate\\\\Foun...')
#24 C:\\xampp\\htdocs\\Actividad2_Laravel_Query\\23.01.25_QueryBuilder_1\\Query2\\queryB\\vendor\\laravel\\framework\\src\\Illuminate\\Foundation\\Application.php(1104): array_walk(Array, Object(Closure))
#25 C:\\xampp\\htdocs\\Actividad2_Laravel_Query\\23.01.25_QueryBuilder_1\\Query2\\queryB\\vendor\\laravel\\framework\\src\\Illuminate\\Foundation\\Bootstrap\\BootProviders.php(17): Illuminate\\Foundation\\Application->boot()
#26 C:\\xampp\\htdocs\\Actividad2_Laravel_Query\\23.01.25_QueryBuilder_1\\Query2\\queryB\\vendor\\laravel\\framework\\src\\Illuminate\\Foundation\\Application.php(319): Illuminate\\Foundation\\Bootstrap\\BootProviders->bootstrap(Object(Illuminate\\Foundation\\Application))
#27 C:\\xampp\\htdocs\\Actividad2_Laravel_Query\\23.01.25_QueryBuilder_1\\Query2\\queryB\\vendor\\laravel\\framework\\src\\Illuminate\\Foundation\\Console\\Kernel.php(474): Illuminate\\Foundation\\Application->bootstrapWith(Array)
#28 C:\\xampp\\htdocs\\Actividad2_Laravel_Query\\23.01.25_QueryBuilder_1\\Query2\\queryB\\vendor\\laravel\\framework\\src\\Illuminate\\Foundation\\Console\\Kernel.php(196): Illuminate\\Foundation\\Console\\Kernel->bootstrap()
#29 C:\\xampp\\htdocs\\Actividad2_Laravel_Query\\23.01.25_QueryBuilder_1\\Query2\\queryB\\vendor\\laravel\\framework\\src\\Illuminate\\Foundation\\Application.php(1208): Illuminate\\Foundation\\Console\\Kernel->handle(Object(Symfony\\Component\\Console\\Input\\ArgvInput), Object(Symfony\\Component\\Console\\Output\\ConsoleOutput))
#30 C:\\xampp\\htdocs\\Actividad2_Laravel_Query\\23.01.25_QueryBuilder_1\\Query2\\queryB\\artisan(13): Illuminate\\Foundation\\Application->handleCommand(Object(Symfony\\Component\\Console\\Input\\ArgvInput))
#31 {main}
"} 
[2025-01-25 04:46:07] local.ERROR: There are no commands defined in the "sessions" namespace.

Did you mean this?
    session {"exception":"[object] (Symfony\\Component\\Console\\Exception\\NamespaceNotFoundException(code: 0): There are no commands defined in the \"sessions\" namespace.

Did you mean this?
    session at C:\\xampp\\htdocs\\Actividad2_Laravel_Query\\23.01.25_QueryBuilder_1\\Query2\\queryB\\vendor\\symfony\\console\\Application.php:660)
[stacktrace]
#0 C:\\xampp\\htdocs\\Actividad2_Laravel_Query\\23.01.25_QueryBuilder_1\\Query2\\queryB\\vendor\\symfony\\console\\Application.php(709): Symfony\\Component\\Console\\Application->findNamespace('sessions')
#1 C:\\xampp\\htdocs\\Actividad2_Laravel_Query\\23.01.25_QueryBuilder_1\\Query2\\queryB\\vendor\\symfony\\console\\Application.php(284): Symfony\\Component\\Console\\Application->find('sessions:table')
#2 C:\\xampp\\htdocs\\Actividad2_Laravel_Query\\23.01.25_QueryBuilder_1\\Query2\\queryB\\vendor\\symfony\\console\\Application.php(193): Symfony\\Component\\Console\\Application->doRun(Object(Symfony\\Component\\Console\\Input\\ArgvInput), Object(Symfony\\Component\\Console\\Output\\ConsoleOutput))
#3 C:\\xampp\\htdocs\\Actividad2_Laravel_Query\\23.01.25_QueryBuilder_1\\Query2\\queryB\\vendor\\laravel\\framework\\src\\Illuminate\\Foundation\\Console\\Kernel.php(198): Symfony\\Component\\Console\\Application->run(Object(Symfony\\Component\\Console\\Input\\ArgvInput), Object(Symfony\\Component\\Console\\Output\\ConsoleOutput))
#4 C:\\xampp\\htdocs\\Actividad2_Laravel_Query\\23.01.25_QueryBuilder_1\\Query2\\queryB\\vendor\\laravel\\framework\\src\\Illuminate\\Foundation\\Application.php(1208): Illuminate\\Foundation\\Console\\Kernel->handle(Object(Symfony\\Component\\Console\\Input\\ArgvInput), Object(Symfony\\Component\\Console\\Output\\ConsoleOutput))
#5 C:\\xampp\\htdocs\\Actividad2_Laravel_Query\\23.01.25_QueryBuilder_1\\Query2\\queryB\\artisan(13): Illuminate\\Foundation\\Application->handleCommand(Object(Symfony\\Component\\Console\\Input\\ArgvInput))
#6 {main}
"} 
[2025-01-25 04:46:21] local.ERROR: SQLSTATE[42S01]: Base table or view already exists: 1050 Table 'usuarios' already exists (Connection: mysql, SQL: create table `usuarios` (`id` bigint unsigned not null auto_increment primary key, `nombre` varchar(255) not null, `correo` varchar(255) not null, `telefono` varchar(15) not null, `created_at` timestamp null, `updated_at` timestamp null) default character set utf8mb4 collate 'utf8mb4_unicode_ci') {"exception":"[object] (Illuminate\\Database\\QueryException(code: 42S01): SQLSTATE[42S01]: Base table or view already exists: 1050 Table 'usuarios' already exists (Connection: mysql, SQL: create table `usuarios` (`id` bigint unsigned not null auto_increment primary key, `nombre` varchar(255) not null, `correo` varchar(255) not null, `telefono` varchar(15) not null, `created_at` timestamp null, `updated_at` timestamp null) default character set utf8mb4 collate 'utf8mb4_unicode_ci') at C:\\xampp\\htdocs\\Actividad2_Laravel_Query\\23.01.25_QueryBuilder_1\\Query2\\queryB\\vendor\\laravel\\framework\\src\\Illuminate\\Database\\Connection.php:825)
[stacktrace]
#0 C:\\xampp\\htdocs\\Actividad2_Laravel_Query\\23.01.25_QueryBuilder_1\\Query2\\queryB\\vendor\\laravel\\framework\\src\\Illuminate\\Database\\Connection.php(779): Illuminate\\Database\\Connection->runQueryCallback('create table `u...', Array, Object(Closure))
#1 C:\\xampp\\htdocs\\Actividad2_Laravel_Query\\23.01.25_QueryBuilder_1\\Query2\\queryB\\vendor\\laravel\\framework\\src\\Illuminate\\Database\\Connection.php(560): Illuminate\\Database\\Connection->run('create table `u...', Array, Object(Closure))
#2 C:\\xampp\\htdocs\\Actividad2_Laravel_Query\\23.01.25_QueryBuilder_1\\Query2\\queryB\\vendor\\laravel\\framework\\src\\Illuminate\\Database\\Schema\\Blueprint.php(118): Illuminate\\Database\\Connection->statement('create table `u...')
#3 C:\\xampp\\htdocs\\Actividad2_Laravel_Query\\23.01.25_QueryBuilder_1\\Query2\\queryB\\vendor\\laravel\\framework\\src\\Illuminate\\Database\\Schema\\Builder.php(564): Illuminate\\Database\\Schema\\Blueprint->build(Object(Illuminate\\Database\\MySqlConnection), Object(Illuminate\\Database\\Schema\\Grammars\\MySqlGrammar))
#4 C:\\xampp\\htdocs\\Actividad2_Laravel_Query\\23.01.25_QueryBuilder_1\\Query2\\queryB\\vendor\\laravel\\framework\\src\\Illuminate\\Database\\Schema\\Builder.php(418): Illuminate\\Database\\Schema\\Builder->build(Object(Illuminate\\Database\\Schema\\Blueprint))
#5 C:\\xampp\\htdocs\\Actividad2_Laravel_Query\\23.01.25_QueryBuilder_1\\Query2\\queryB\\vendor\\laravel\\framework\\src\\Illuminate\\Support\\Facades\\Facade.php(361): Illuminate\\Database\\Schema\\Builder->create('usuarios', Object(Closure))
#6 C:\\xampp\\htdocs\\Actividad2_Laravel_Query\\23.01.25_QueryBuilder_1\\Query2\\queryB\\database\\migrations\\2025_01_25_025715_create_usuarios_table.php(14): Illuminate\\Support\\Facades\\Facade::__callStatic('create', Array)
#7 C:\\xampp\\htdocs\\Actividad2_Laravel_Query\\23.01.25_QueryBuilder_1\\Query2\\queryB\\vendor\\laravel\\framework\\src\\Illuminate\\Database\\Migrations\\Migrator.php(476): Illuminate\\Database\\Migrations\\Migration@anonymous->up()
#8 C:\\xampp\\htdocs\\Actividad2_Laravel_Query\\23.01.25_QueryBuilder_1\\Query2\\queryB\\vendor\\laravel\\framework\\src\\Illuminate\\Database\\Migrations\\Migrator.php(401): Illuminate\\Database\\Migrations\\Migrator->runMethod(Object(Illuminate\\Database\\MySqlConnection), Object(Illuminate\\Database\\Migrations\\Migration@anonymous), 'up')
#9 C:\\xampp\\htdocs\\Actividad2_Laravel_Query\\23.01.25_QueryBuilder_1\\Query2\\queryB\\vendor\\laravel\\framework\\src\\Illuminate\\Database\\Migrations\\Migrator.php(410): Illuminate\\Database\\Migrations\\Migrator->Illuminate\\Database\\Migrations\\{closure}()
#10 C:\\xampp\\htdocs\\Actividad2_Laravel_Query\\23.01.25_QueryBuilder_1\\Query2\\queryB\\vendor\\laravel\\framework\\src\\Illuminate\\Database\\Migrations\\Migrator.php(213): Illuminate\\Database\\Migrations\\Migrator->runMigration(Object(Illuminate\\Database\\Migrations\\Migration@anonymous), 'up')
#11 C:\\xampp\\htdocs\\Actividad2_Laravel_Query\\23.01.25_QueryBuilder_1\\Query2\\queryB\\vendor\\laravel\\framework\\src\\Illuminate\\Console\\View\\Components\\Task.php(40): Illuminate\\Database\\Migrations\\Migrator->Illuminate\\Database\\Migrations\\{closure}()
#12 C:\\xampp\\htdocs\\Actividad2_Laravel_Query\\23.01.25_QueryBuilder_1\\Query2\\queryB\\vendor\\laravel\\framework\\src\\Illuminate\\Database\\Migrations\\Migrator.php(737): Illuminate\\Console\\View\\Components\\Task->render('2025_01_25_0257...', Object(Closure))
#13 C:\\xampp\\htdocs\\Actividad2_Laravel_Query\\23.01.25_QueryBuilder_1\\Query2\\queryB\\vendor\\laravel\\framework\\src\\Illuminate\\Database\\Migrations\\Migrator.php(213): Illuminate\\Database\\Migrations\\Migrator->write('Illuminate\\\\Cons...', '2025_01_25_0257...', Object(Closure))
#14 C:\\xampp\\htdocs\\Actividad2_Laravel_Query\\23.01.25_QueryBuilder_1\\Query2\\queryB\\vendor\\laravel\\framework\\src\\Illuminate\\Database\\Migrations\\Migrator.php(180): Illuminate\\Database\\Migrations\\Migrator->runUp('C:\\\\xampp\\\\htdocs...', 1, false)
#15 C:\\xampp\\htdocs\\Actividad2_Laravel_Query\\23.01.25_QueryBuilder_1\\Query2\\queryB\\vendor\\laravel\\framework\\src\\Illuminate\\Database\\Migrations\\Migrator.php(123): Illuminate\\Database\\Migrations\\Migrator->runPending(Array, Array)
#16 C:\\xampp\\htdocs\\Actividad2_Laravel_Query\\23.01.25_QueryBuilder_1\\Query2\\queryB\\vendor\\laravel\\framework\\src\\Illuminate\\Database\\Console\\Migrations\\MigrateCommand.php(116): Illuminate\\Database\\Migrations\\Migrator->run(Array, Array)
#17 C:\\xampp\\htdocs\\Actividad2_Laravel_Query\\23.01.25_QueryBuilder_1\\Query2\\queryB\\vendor\\laravel\\framework\\src\\Illuminate\\Database\\Migrations\\Migrator.php(616): Illuminate\\Database\\Console\\Migrations\\MigrateCommand->Illuminate\\Database\\Console\\Migrations\\{closure}()
#18 C:\\xampp\\htdocs\\Actividad2_Laravel_Query\\23.01.25_QueryBuilder_1\\Query2\\queryB\\vendor\\laravel\\framework\\src\\Illuminate\\Database\\Console\\Migrations\\MigrateCommand.php(109): Illuminate\\Database\\Migrations\\Migrator->usingConnection(NULL, Object(Closure))
#19 C:\\xampp\\htdocs\\Actividad2_Laravel_Query\\23.01.25_QueryBuilder_1\\Query2\\queryB\\vendor\\laravel\\framework\\src\\Illuminate\\Database\\Console\\Migrations\\MigrateCommand.php(88): Illuminate\\Database\\Console\\Migrations\\MigrateCommand->runMigrations()
#20 C:\\xampp\\htdocs\\Actividad2_Laravel_Query\\23.01.25_QueryBuilder_1\\Query2\\queryB\\vendor\\laravel\\framework\\src\\Illuminate\\Container\\BoundMethod.php(36): Illuminate\\Database\\Console\\Migrations\\MigrateCommand->handle()
#21 C:\\xampp\\htdocs\\Actividad2_Laravel_Query\\23.01.25_QueryBuilder_1\\Query2\\queryB\\vendor\\laravel\\framework\\src\\Illuminate\\Container\\Util.php(43): Illuminate\\Container\\BoundMethod::Illuminate\\Container\\{closure}()
#22 C:\\xampp\\htdocs\\Actividad2_Laravel_Query\\23.01.25_QueryBuilder_1\\Query2\\queryB\\vendor\\laravel\\framework\\src\\Illuminate\\Container\\BoundMethod.php(95): Illuminate\\Container\\Util::unwrapIfClosure(Object(Closure))
#23 C:\\xampp\\htdocs\\Actividad2_Laravel_Query\\23.01.25_QueryBuilder_1\\Query2\\queryB\\vendor\\laravel\\framework\\src\\Illuminate\\Container\\BoundMethod.php(35): Illuminate\\Container\\BoundMethod::callBoundMethod(Object(Illuminate\\Foundation\\Application), Array, Object(Closure))
#24 C:\\xampp\\htdocs\\Actividad2_Laravel_Query\\23.01.25_QueryBuilder_1\\Query2\\queryB\\vendor\\laravel\\framework\\src\\Illuminate\\Container\\Container.php(694): Illuminate\\Container\\BoundMethod::call(Object(Illuminate\\Foundation\\Application), Array, Array, NULL)
#25 C:\\xampp\\htdocs\\Actividad2_Laravel_Query\\23.01.25_QueryBuilder_1\\Query2\\queryB\\vendor\\laravel\\framework\\src\\Illuminate\\Console\\Command.php(213): Illuminate\\Container\\Container->call(Array)
#26 C:\\xampp\\htdocs\\Actividad2_Laravel_Query\\23.01.25_QueryBuilder_1\\Query2\\queryB\\vendor\\symfony\\console\\Command\\Command.php(279): Illuminate\\Console\\Command->execute(Object(Symfony\\Component\\Console\\Input\\ArgvInput), Object(Illuminate\\Console\\OutputStyle))
#27 C:\\xampp\\htdocs\\Actividad2_Laravel_Query\\23.01.25_QueryBuilder_1\\Query2\\queryB\\vendor\\laravel\\framework\\src\\Illuminate\\Console\\Command.php(182): Symfony\\Component\\Console\\Command\\Command->run(Object(Symfony\\Component\\Console\\Input\\ArgvInput), Object(Illuminate\\Console\\OutputStyle))
#28 C:\\xampp\\htdocs\\Actividad2_Laravel_Query\\23.01.25_QueryBuilder_1\\Query2\\queryB\\vendor\\symfony\\console\\Application.php(1094): Illuminate\\Console\\Command->run(Object(Symfony\\Component\\Console\\Input\\ArgvInput), Object(Symfony\\Component\\Console\\Output\\ConsoleOutput))
#29 C:\\xampp\\htdocs\\Actividad2_Laravel_Query\\23.01.25_QueryBuilder_1\\Query2\\queryB\\vendor\\symfony\\console\\Application.php(342): Symfony\\Component\\Console\\Application->doRunCommand(Object(Illuminate\\Database\\Console\\Migrations\\MigrateCommand), Object(Symfony\\Component\\Console\\Input\\ArgvInput), Object(Symfony\\Component\\Console\\Output\\ConsoleOutput))
#30 C:\\xampp\\htdocs\\Actividad2_Laravel_Query\\23.01.25_QueryBuilder_1\\Query2\\queryB\\vendor\\symfony\\console\\Application.php(193): Symfony\\Component\\Console\\Application->doRun(Object(Symfony\\Component\\Console\\Input\\ArgvInput), Object(Symfony\\Component\\Console\\Output\\ConsoleOutput))
#31 C:\\xampp\\htdocs\\Actividad2_Laravel_Query\\23.01.25_QueryBuilder_1\\Query2\\queryB\\vendor\\laravel\\framework\\src\\Illuminate\\Foundation\\Console\\Kernel.php(198): Symfony\\Component\\Console\\Application->run(Object(Symfony\\Component\\Console\\Input\\ArgvInput), Object(Symfony\\Component\\Console\\Output\\ConsoleOutput))
#32 C:\\xampp\\htdocs\\Actividad2_Laravel_Query\\23.01.25_QueryBuilder_1\\Query2\\queryB\\vendor\\laravel\\framework\\src\\Illuminate\\Foundation\\Application.php(1208): Illuminate\\Foundation\\Console\\Kernel->handle(Object(Symfony\\Component\\Console\\Input\\ArgvInput), Object(Symfony\\Component\\Console\\Output\\ConsoleOutput))
#33 C:\\xampp\\htdocs\\Actividad2_Laravel_Query\\23.01.25_QueryBuilder_1\\Query2\\queryB\\artisan(13): Illuminate\\Foundation\\Application->handleCommand(Object(Symfony\\Component\\Console\\Input\\ArgvInput))
#34 {main}

[previous exception] [object] (PDOException(code: 42S01): SQLSTATE[42S01]: Base table or view already exists: 1050 Table 'usuarios' already exists at C:\\xampp\\htdocs\\Actividad2_Laravel_Query\\23.01.25_QueryBuilder_1\\Query2\\queryB\\vendor\\laravel\\framework\\src\\Illuminate\\Database\\Connection.php:571)
[stacktrace]
#0 C:\\xampp\\htdocs\\Actividad2_Laravel_Query\\23.01.25_QueryBuilder_1\\Query2\\queryB\\vendor\\laravel\\framework\\src\\Illuminate\\Database\\Connection.php(571): PDOStatement->execute()
#1 C:\\xampp\\htdocs\\Actividad2_Laravel_Query\\23.01.25_QueryBuilder_1\\Query2\\queryB\\vendor\\laravel\\framework\\src\\Illuminate\\Database\\Connection.php(812): Illuminate\\Database\\Connection->Illuminate\\Database\\{closure}('create table `u...', Array)
#2 C:\\xampp\\htdocs\\Actividad2_Laravel_Query\\23.01.25_QueryBuilder_1\\Query2\\queryB\\vendor\\laravel\\framework\\src\\Illuminate\\Database\\Connection.php(779): Illuminate\\Database\\Connection->runQueryCallback('create table `u...', Array, Object(Closure))
#3 C:\\xampp\\htdocs\\Actividad2_Laravel_Query\\23.01.25_QueryBuilder_1\\Query2\\queryB\\vendor\\laravel\\framework\\src\\Illuminate\\Database\\Connection.php(560): Illuminate\\Database\\Connection->run('create table `u...', Array, Object(Closure))
#4 C:\\xampp\\htdocs\\Actividad2_Laravel_Query\\23.01.25_QueryBuilder_1\\Query2\\queryB\\vendor\\laravel\\framework\\src\\Illuminate\\Database\\Schema\\Blueprint.php(118): Illuminate\\Database\\Connection->statement('create table `u...')
#5 C:\\xampp\\htdocs\\Actividad2_Laravel_Query\\23.01.25_QueryBuilder_1\\Query2\\queryB\\vendor\\laravel\\framework\\src\\Illuminate\\Database\\Schema\\Builder.php(564): Illuminate\\Database\\Schema\\Blueprint->build(Object(Illuminate\\Database\\MySqlConnection), Object(Illuminate\\Database\\Schema\\Grammars\\MySqlGrammar))
#6 C:\\xampp\\htdocs\\Actividad2_Laravel_Query\\23.01.25_QueryBuilder_1\\Query2\\queryB\\vendor\\laravel\\framework\\src\\Illuminate\\Database\\Schema\\Builder.php(418): Illuminate\\Database\\Schema\\Builder->build(Object(Illuminate\\Database\\Schema\\Blueprint))
#7 C:\\xampp\\htdocs\\Actividad2_Laravel_Query\\23.01.25_QueryBuilder_1\\Query2\\queryB\\vendor\\laravel\\framework\\src\\Illuminate\\Support\\Facades\\Facade.php(361): Illuminate\\Database\\Schema\\Builder->create('usuarios', Object(Closure))
#8 C:\\xampp\\htdocs\\Actividad2_Laravel_Query\\23.01.25_QueryBuilder_1\\Query2\\queryB\\database\\migrations\\2025_01_25_025715_create_usuarios_table.php(14): Illuminate\\Support\\Facades\\Facade::__callStatic('create', Array)
#9 C:\\xampp\\htdocs\\Actividad2_Laravel_Query\\23.01.25_QueryBuilder_1\\Query2\\queryB\\vendor\\laravel\\framework\\src\\Illuminate\\Database\\Migrations\\Migrator.php(476): Illuminate\\Database\\Migrations\\Migration@anonymous->up()
#10 C:\\xampp\\htdocs\\Actividad2_Laravel_Query\\23.01.25_QueryBuilder_1\\Query2\\queryB\\vendor\\laravel\\framework\\src\\Illuminate\\Database\\Migrations\\Migrator.php(401): Illuminate\\Database\\Migrations\\Migrator->runMethod(Object(Illuminate\\Database\\MySqlConnection), Object(Illuminate\\Database\\Migrations\\Migration@anonymous), 'up')
#11 C:\\xampp\\htdocs\\Actividad2_Laravel_Query\\23.01.25_QueryBuilder_1\\Query2\\queryB\\vendor\\laravel\\framework\\src\\Illuminate\\Database\\Migrations\\Migrator.php(410): Illuminate\\Database\\Migrations\\Migrator->Illuminate\\Database\\Migrations\\{closure}()
#12 C:\\xampp\\htdocs\\Actividad2_Laravel_Query\\23.01.25_QueryBuilder_1\\Query2\\queryB\\vendor\\laravel\\framework\\src\\Illuminate\\Database\\Migrations\\Migrator.php(213): Illuminate\\Database\\Migrations\\Migrator->runMigration(Object(Illuminate\\Database\\Migrations\\Migration@anonymous), 'up')
#13 C:\\xampp\\htdocs\\Actividad2_Laravel_Query\\23.01.25_QueryBuilder_1\\Query2\\queryB\\vendor\\laravel\\framework\\src\\Illuminate\\Console\\View\\Components\\Task.php(40): Illuminate\\Database\\Migrations\\Migrator->Illuminate\\Database\\Migrations\\{closure}()
#14 C:\\xampp\\htdocs\\Actividad2_Laravel_Query\\23.01.25_QueryBuilder_1\\Query2\\queryB\\vendor\\laravel\\framework\\src\\Illuminate\\Database\\Migrations\\Migrator.php(737): Illuminate\\Console\\View\\Components\\Task->render('2025_01_25_0257...', Object(Closure))
#15 C:\\xampp\\htdocs\\Actividad2_Laravel_Query\\23.01.25_QueryBuilder_1\\Query2\\queryB\\vendor\\laravel\\framework\\src\\Illuminate\\Database\\Migrations\\Migrator.php(213): Illuminate\\Database\\Migrations\\Migrator->write('Illuminate\\\\Cons...', '2025_01_25_0257...', Object(Closure))
#16 C:\\xampp\\htdocs\\Actividad2_Laravel_Query\\23.01.25_QueryBuilder_1\\Query2\\queryB\\vendor\\laravel\\framework\\src\\Illuminate\\Database\\Migrations\\Migrator.php(180): Illuminate\\Database\\Migrations\\Migrator->runUp('C:\\\\xampp\\\\htdocs...', 1, false)
#17 C:\\xampp\\htdocs\\Actividad2_Laravel_Query\\23.01.25_QueryBuilder_1\\Query2\\queryB\\vendor\\laravel\\framework\\src\\Illuminate\\Database\\Migrations\\Migrator.php(123): Illuminate\\Database\\Migrations\\Migrator->runPending(Array, Array)
#18 C:\\xampp\\htdocs\\Actividad2_Laravel_Query\\23.01.25_QueryBuilder_1\\Query2\\queryB\\vendor\\laravel\\framework\\src\\Illuminate\\Database\\Console\\Migrations\\MigrateCommand.php(116): Illuminate\\Database\\Migrations\\Migrator->run(Array, Array)
#19 C:\\xampp\\htdocs\\Actividad2_Laravel_Query\\23.01.25_QueryBuilder_1\\Query2\\queryB\\vendor\\laravel\\framework\\src\\Illuminate\\Database\\Migrations\\Migrator.php(616): Illuminate\\Database\\Console\\Migrations\\MigrateCommand->Illuminate\\Database\\Console\\Migrations\\{closure}()
#20 C:\\xampp\\htdocs\\Actividad2_Laravel_Query\\23.01.25_QueryBuilder_1\\Query2\\queryB\\vendor\\laravel\\framework\\src\\Illuminate\\Database\\Console\\Migrations\\MigrateCommand.php(109): Illuminate\\Database\\Migrations\\Migrator->usingConnection(NULL, Object(Closure))
#21 C:\\xampp\\htdocs\\Actividad2_Laravel_Query\\23.01.25_QueryBuilder_1\\Query2\\queryB\\vendor\\laravel\\framework\\src\\Illuminate\\Database\\Console\\Migrations\\MigrateCommand.php(88): Illuminate\\Database\\Console\\Migrations\\MigrateCommand->runMigrations()
#22 C:\\xampp\\htdocs\\Actividad2_Laravel_Query\\23.01.25_QueryBuilder_1\\Query2\\queryB\\vendor\\laravel\\framework\\src\\Illuminate\\Container\\BoundMethod.php(36): Illuminate\\Database\\Console\\Migrations\\MigrateCommand->handle()
#23 C:\\xampp\\htdocs\\Actividad2_Laravel_Query\\23.01.25_QueryBuilder_1\\Query2\\queryB\\vendor\\laravel\\framework\\src\\Illuminate\\Container\\Util.php(43): Illuminate\\Container\\BoundMethod::Illuminate\\Container\\{closure}()
#24 C:\\xampp\\htdocs\\Actividad2_Laravel_Query\\23.01.25_QueryBuilder_1\\Query2\\queryB\\vendor\\laravel\\framework\\src\\Illuminate\\Container\\BoundMethod.php(95): Illuminate\\Container\\Util::unwrapIfClosure(Object(Closure))
#25 C:\\xampp\\htdocs\\Actividad2_Laravel_Query\\23.01.25_QueryBuilder_1\\Query2\\queryB\\vendor\\laravel\\framework\\src\\Illuminate\\Container\\BoundMethod.php(35): Illuminate\\Container\\BoundMethod::callBoundMethod(Object(Illuminate\\Foundation\\Application), Array, Object(Closure))
#26 C:\\xampp\\htdocs\\Actividad2_Laravel_Query\\23.01.25_QueryBuilder_1\\Query2\\queryB\\vendor\\laravel\\framework\\src\\Illuminate\\Container\\Container.php(694): Illuminate\\Container\\BoundMethod::call(Object(Illuminate\\Foundation\\Application), Array, Array, NULL)
#27 C:\\xampp\\htdocs\\Actividad2_Laravel_Query\\23.01.25_QueryBuilder_1\\Query2\\queryB\\vendor\\laravel\\framework\\src\\Illuminate\\Console\\Command.php(213): Illuminate\\Container\\Container->call(Array)
#28 C:\\xampp\\htdocs\\Actividad2_Laravel_Query\\23.01.25_QueryBuilder_1\\Query2\\queryB\\vendor\\symfony\\console\\Command\\Command.php(279): Illuminate\\Console\\Command->execute(Object(Symfony\\Component\\Console\\Input\\ArgvInput), Object(Illuminate\\Console\\OutputStyle))
#29 C:\\xampp\\htdocs\\Actividad2_Laravel_Query\\23.01.25_QueryBuilder_1\\Query2\\queryB\\vendor\\laravel\\framework\\src\\Illuminate\\Console\\Command.php(182): Symfony\\Component\\Console\\Command\\Command->run(Object(Symfony\\Component\\Console\\Input\\ArgvInput), Object(Illuminate\\Console\\OutputStyle))
#30 C:\\xampp\\htdocs\\Actividad2_Laravel_Query\\23.01.25_QueryBuilder_1\\Query2\\queryB\\vendor\\symfony\\console\\Application.php(1094): Illuminate\\Console\\Command->run(Object(Symfony\\Component\\Console\\Input\\ArgvInput), Object(Symfony\\Component\\Console\\Output\\ConsoleOutput))
#31 C:\\xampp\\htdocs\\Actividad2_Laravel_Query\\23.01.25_QueryBuilder_1\\Query2\\queryB\\vendor\\symfony\\console\\Application.php(342): Symfony\\Component\\Console\\Application->doRunCommand(Object(Illuminate\\Database\\Console\\Migrations\\MigrateCommand), Object(Symfony\\Component\\Console\\Input\\ArgvInput), Object(Symfony\\Component\\Console\\Output\\ConsoleOutput))
#32 C:\\xampp\\htdocs\\Actividad2_Laravel_Query\\23.01.25_QueryBuilder_1\\Query2\\queryB\\vendor\\symfony\\console\\Application.php(193): Symfony\\Component\\Console\\Application->doRun(Object(Symfony\\Component\\Console\\Input\\ArgvInput), Object(Symfony\\Component\\Console\\Output\\ConsoleOutput))
#33 C:\\xampp\\htdocs\\Actividad2_Laravel_Query\\23.01.25_QueryBuilder_1\\Query2\\queryB\\vendor\\laravel\\framework\\src\\Illuminate\\Foundation\\Console\\Kernel.php(198): Symfony\\Component\\Console\\Application->run(Object(Symfony\\Component\\Console\\Input\\ArgvInput), Object(Symfony\\Component\\Console\\Output\\ConsoleOutput))
#34 C:\\xampp\\htdocs\\Actividad2_Laravel_Query\\23.01.25_QueryBuilder_1\\Query2\\queryB\\vendor\\laravel\\framework\\src\\Illuminate\\Foundation\\Application.php(1208): Illuminate\\Foundation\\Console\\Kernel->handle(Object(Symfony\\Component\\Console\\Input\\ArgvInput), Object(Symfony\\Component\\Console\\Output\\ConsoleOutput))
#35 C:\\xampp\\htdocs\\Actividad2_Laravel_Query\\23.01.25_QueryBuilder_1\\Query2\\queryB\\artisan(13): Illuminate\\Foundation\\Application->handleCommand(Object(Symfony\\Component\\Console\\Input\\ArgvInput))
#36 {main}
"} 
[2025-01-25 05:05:44] local.ERROR: SQLSTATE[42S01]: Base table or view already exists: 1050 Table 'usuarios' already exists (Connection: mysql, SQL: create table `usuarios` (`id` bigint unsigned not null auto_increment primary key, `nombre` varchar(255) not null, `correo` varchar(255) not null, `telefono` varchar(15) not null, `created_at` timestamp null, `updated_at` timestamp null) default character set utf8mb4 collate 'utf8mb4_unicode_ci') {"exception":"[object] (Illuminate\\Database\\QueryException(code: 42S01): SQLSTATE[42S01]: Base table or view already exists: 1050 Table 'usuarios' already exists (Connection: mysql, SQL: create table `usuarios` (`id` bigint unsigned not null auto_increment primary key, `nombre` varchar(255) not null, `correo` varchar(255) not null, `telefono` varchar(15) not null, `created_at` timestamp null, `updated_at` timestamp null) default character set utf8mb4 collate 'utf8mb4_unicode_ci') at C:\\xampp\\htdocs\\Actividad2_Laravel_Query\\23.01.25_QueryBuilder_1\\Query2\\queryB\\vendor\\laravel\\framework\\src\\Illuminate\\Database\\Connection.php:825)
[stacktrace]
#0 C:\\xampp\\htdocs\\Actividad2_Laravel_Query\\23.01.25_QueryBuilder_1\\Query2\\queryB\\vendor\\laravel\\framework\\src\\Illuminate\\Database\\Connection.php(779): Illuminate\\Database\\Connection->runQueryCallback('create table `u...', Array, Object(Closure))
#1 C:\\xampp\\htdocs\\Actividad2_Laravel_Query\\23.01.25_QueryBuilder_1\\Query2\\queryB\\vendor\\laravel\\framework\\src\\Illuminate\\Database\\Connection.php(560): Illuminate\\Database\\Connection->run('create table `u...', Array, Object(Closure))
#2 C:\\xampp\\htdocs\\Actividad2_Laravel_Query\\23.01.25_QueryBuilder_1\\Query2\\queryB\\vendor\\laravel\\framework\\src\\Illuminate\\Database\\Schema\\Blueprint.php(118): Illuminate\\Database\\Connection->statement('create table `u...')
#3 C:\\xampp\\htdocs\\Actividad2_Laravel_Query\\23.01.25_QueryBuilder_1\\Query2\\queryB\\vendor\\laravel\\framework\\src\\Illuminate\\Database\\Schema\\Builder.php(564): Illuminate\\Database\\Schema\\Blueprint->build(Object(Illuminate\\Database\\MySqlConnection), Object(Illuminate\\Database\\Schema\\Grammars\\MySqlGrammar))
#4 C:\\xampp\\htdocs\\Actividad2_Laravel_Query\\23.01.25_QueryBuilder_1\\Query2\\queryB\\vendor\\laravel\\framework\\src\\Illuminate\\Database\\Schema\\Builder.php(418): Illuminate\\Database\\Schema\\Builder->build(Object(Illuminate\\Database\\Schema\\Blueprint))
#5 C:\\xampp\\htdocs\\Actividad2_Laravel_Query\\23.01.25_QueryBuilder_1\\Query2\\queryB\\vendor\\laravel\\framework\\src\\Illuminate\\Support\\Facades\\Facade.php(361): Illuminate\\Database\\Schema\\Builder->create('usuarios', Object(Closure))
#6 C:\\xampp\\htdocs\\Actividad2_Laravel_Query\\23.01.25_QueryBuilder_1\\Query2\\queryB\\database\\migrations\\2025_01_25_025715_create_usuarios_table.php(14): Illuminate\\Support\\Facades\\Facade::__callStatic('create', Array)
#7 C:\\xampp\\htdocs\\Actividad2_Laravel_Query\\23.01.25_QueryBuilder_1\\Query2\\queryB\\vendor\\laravel\\framework\\src\\Illuminate\\Database\\Migrations\\Migrator.php(476): Illuminate\\Database\\Migrations\\Migration@anonymous->up()
#8 C:\\xampp\\htdocs\\Actividad2_Laravel_Query\\23.01.25_QueryBuilder_1\\Query2\\queryB\\vendor\\laravel\\framework\\src\\Illuminate\\Database\\Migrations\\Migrator.php(401): Illuminate\\Database\\Migrations\\Migrator->runMethod(Object(Illuminate\\Database\\MySqlConnection), Object(Illuminate\\Database\\Migrations\\Migration@anonymous), 'up')
#9 C:\\xampp\\htdocs\\Actividad2_Laravel_Query\\23.01.25_QueryBuilder_1\\Query2\\queryB\\vendor\\laravel\\framework\\src\\Illuminate\\Database\\Migrations\\Migrator.php(410): Illuminate\\Database\\Migrations\\Migrator->Illuminate\\Database\\Migrations\\{closure}()
#10 C:\\xampp\\htdocs\\Actividad2_Laravel_Query\\23.01.25_QueryBuilder_1\\Query2\\queryB\\vendor\\laravel\\framework\\src\\Illuminate\\Database\\Migrations\\Migrator.php(213): Illuminate\\Database\\Migrations\\Migrator->runMigration(Object(Illuminate\\Database\\Migrations\\Migration@anonymous), 'up')
#11 C:\\xampp\\htdocs\\Actividad2_Laravel_Query\\23.01.25_QueryBuilder_1\\Query2\\queryB\\vendor\\laravel\\framework\\src\\Illuminate\\Console\\View\\Components\\Task.php(40): Illuminate\\Database\\Migrations\\Migrator->Illuminate\\Database\\Migrations\\{closure}()
#12 C:\\xampp\\htdocs\\Actividad2_Laravel_Query\\23.01.25_QueryBuilder_1\\Query2\\queryB\\vendor\\laravel\\framework\\src\\Illuminate\\Database\\Migrations\\Migrator.php(737): Illuminate\\Console\\View\\Components\\Task->render('2025_01_25_0257...', Object(Closure))
#13 C:\\xampp\\htdocs\\Actividad2_Laravel_Query\\23.01.25_QueryBuilder_1\\Query2\\queryB\\vendor\\laravel\\framework\\src\\Illuminate\\Database\\Migrations\\Migrator.php(213): Illuminate\\Database\\Migrations\\Migrator->write('Illuminate\\\\Cons...', '2025_01_25_0257...', Object(Closure))
#14 C:\\xampp\\htdocs\\Actividad2_Laravel_Query\\23.01.25_QueryBuilder_1\\Query2\\queryB\\vendor\\laravel\\framework\\src\\Illuminate\\Database\\Migrations\\Migrator.php(180): Illuminate\\Database\\Migrations\\Migrator->runUp('C:\\\\xampp\\\\htdocs...', 2, false)
#15 C:\\xampp\\htdocs\\Actividad2_Laravel_Query\\23.01.25_QueryBuilder_1\\Query2\\queryB\\vendor\\laravel\\framework\\src\\Illuminate\\Database\\Migrations\\Migrator.php(123): Illuminate\\Database\\Migrations\\Migrator->runPending(Array, Array)
#16 C:\\xampp\\htdocs\\Actividad2_Laravel_Query\\23.01.25_QueryBuilder_1\\Query2\\queryB\\vendor\\laravel\\framework\\src\\Illuminate\\Database\\Console\\Migrations\\MigrateCommand.php(116): Illuminate\\Database\\Migrations\\Migrator->run(Array, Array)
#17 C:\\xampp\\htdocs\\Actividad2_Laravel_Query\\23.01.25_QueryBuilder_1\\Query2\\queryB\\vendor\\laravel\\framework\\src\\Illuminate\\Database\\Migrations\\Migrator.php(616): Illuminate\\Database\\Console\\Migrations\\MigrateCommand->Illuminate\\Database\\Console\\Migrations\\{closure}()
#18 C:\\xampp\\htdocs\\Actividad2_Laravel_Query\\23.01.25_QueryBuilder_1\\Query2\\queryB\\vendor\\laravel\\framework\\src\\Illuminate\\Database\\Console\\Migrations\\MigrateCommand.php(109): Illuminate\\Database\\Migrations\\Migrator->usingConnection(NULL, Object(Closure))
#19 C:\\xampp\\htdocs\\Actividad2_Laravel_Query\\23.01.25_QueryBuilder_1\\Query2\\queryB\\vendor\\laravel\\framework\\src\\Illuminate\\Database\\Console\\Migrations\\MigrateCommand.php(88): Illuminate\\Database\\Console\\Migrations\\MigrateCommand->runMigrations()
#20 C:\\xampp\\htdocs\\Actividad2_Laravel_Query\\23.01.25_QueryBuilder_1\\Query2\\queryB\\vendor\\laravel\\framework\\src\\Illuminate\\Container\\BoundMethod.php(36): Illuminate\\Database\\Console\\Migrations\\MigrateCommand->handle()
#21 C:\\xampp\\htdocs\\Actividad2_Laravel_Query\\23.01.25_QueryBuilder_1\\Query2\\queryB\\vendor\\laravel\\framework\\src\\Illuminate\\Container\\Util.php(43): Illuminate\\Container\\BoundMethod::Illuminate\\Container\\{closure}()
#22 C:\\xampp\\htdocs\\Actividad2_Laravel_Query\\23.01.25_QueryBuilder_1\\Query2\\queryB\\vendor\\laravel\\framework\\src\\Illuminate\\Container\\BoundMethod.php(95): Illuminate\\Container\\Util::unwrapIfClosure(Object(Closure))
#23 C:\\xampp\\htdocs\\Actividad2_Laravel_Query\\23.01.25_QueryBuilder_1\\Query2\\queryB\\vendor\\laravel\\framework\\src\\Illuminate\\Container\\BoundMethod.php(35): Illuminate\\Container\\BoundMethod::callBoundMethod(Object(Illuminate\\Foundation\\Application), Array, Object(Closure))
#24 C:\\xampp\\htdocs\\Actividad2_Laravel_Query\\23.01.25_QueryBuilder_1\\Query2\\queryB\\vendor\\laravel\\framework\\src\\Illuminate\\Container\\Container.php(694): Illuminate\\Container\\BoundMethod::call(Object(Illuminate\\Foundation\\Application), Array, Array, NULL)
#25 C:\\xampp\\htdocs\\Actividad2_Laravel_Query\\23.01.25_QueryBuilder_1\\Query2\\queryB\\vendor\\laravel\\framework\\src\\Illuminate\\Console\\Command.php(213): Illuminate\\Container\\Container->call(Array)
#26 C:\\xampp\\htdocs\\Actividad2_Laravel_Query\\23.01.25_QueryBuilder_1\\Query2\\queryB\\vendor\\symfony\\console\\Command\\Command.php(279): Illuminate\\Console\\Command->execute(Object(Symfony\\Component\\Console\\Input\\ArgvInput), Object(Illuminate\\Console\\OutputStyle))
#27 C:\\xampp\\htdocs\\Actividad2_Laravel_Query\\23.01.25_QueryBuilder_1\\Query2\\queryB\\vendor\\laravel\\framework\\src\\Illuminate\\Console\\Command.php(182): Symfony\\Component\\Console\\Command\\Command->run(Object(Symfony\\Component\\Console\\Input\\ArgvInput), Object(Illuminate\\Console\\OutputStyle))
#28 C:\\xampp\\htdocs\\Actividad2_Laravel_Query\\23.01.25_QueryBuilder_1\\Query2\\queryB\\vendor\\symfony\\console\\Application.php(1094): Illuminate\\Console\\Command->run(Object(Symfony\\Component\\Console\\Input\\ArgvInput), Object(Symfony\\Component\\Console\\Output\\ConsoleOutput))
#29 C:\\xampp\\htdocs\\Actividad2_Laravel_Query\\23.01.25_QueryBuilder_1\\Query2\\queryB\\vendor\\symfony\\console\\Application.php(342): Symfony\\Component\\Console\\Application->doRunCommand(Object(Illuminate\\Database\\Console\\Migrations\\MigrateCommand), Object(Symfony\\Component\\Console\\Input\\ArgvInput), Object(Symfony\\Component\\Console\\Output\\ConsoleOutput))
#30 C:\\xampp\\htdocs\\Actividad2_Laravel_Query\\23.01.25_QueryBuilder_1\\Query2\\queryB\\vendor\\symfony\\console\\Application.php(193): Symfony\\Component\\Console\\Application->doRun(Object(Symfony\\Component\\Console\\Input\\ArgvInput), Object(Symfony\\Component\\Console\\Output\\ConsoleOutput))
#31 C:\\xampp\\htdocs\\Actividad2_Laravel_Query\\23.01.25_QueryBuilder_1\\Query2\\queryB\\vendor\\laravel\\framework\\src\\Illuminate\\Foundation\\Console\\Kernel.php(198): Symfony\\Component\\Console\\Application->run(Object(Symfony\\Component\\Console\\Input\\ArgvInput), Object(Symfony\\Component\\Console\\Output\\ConsoleOutput))
#32 C:\\xampp\\htdocs\\Actividad2_Laravel_Query\\23.01.25_QueryBuilder_1\\Query2\\queryB\\vendor\\laravel\\framework\\src\\Illuminate\\Foundation\\Application.php(1208): Illuminate\\Foundation\\Console\\Kernel->handle(Object(Symfony\\Component\\Console\\Input\\ArgvInput), Object(Symfony\\Component\\Console\\Output\\ConsoleOutput))
#33 C:\\xampp\\htdocs\\Actividad2_Laravel_Query\\23.01.25_QueryBuilder_1\\Query2\\queryB\\artisan(13): Illuminate\\Foundation\\Application->handleCommand(Object(Symfony\\Component\\Console\\Input\\ArgvInput))
#34 {main}

[previous exception] [object] (PDOException(code: 42S01): SQLSTATE[42S01]: Base table or view already exists: 1050 Table 'usuarios' already exists at C:\\xampp\\htdocs\\Actividad2_Laravel_Query\\23.01.25_QueryBuilder_1\\Query2\\queryB\\vendor\\laravel\\framework\\src\\Illuminate\\Database\\Connection.php:571)
[stacktrace]
#0 C:\\xampp\\htdocs\\Actividad2_Laravel_Query\\23.01.25_QueryBuilder_1\\Query2\\queryB\\vendor\\laravel\\framework\\src\\Illuminate\\Database\\Connection.php(571): PDOStatement->execute()
#1 C:\\xampp\\htdocs\\Actividad2_Laravel_Query\\23.01.25_QueryBuilder_1\\Query2\\queryB\\vendor\\laravel\\framework\\src\\Illuminate\\Database\\Connection.php(812): Illuminate\\Database\\Connection->Illuminate\\Database\\{closure}('create table `u...', Array)
#2 C:\\xampp\\htdocs\\Actividad2_Laravel_Query\\23.01.25_QueryBuilder_1\\Query2\\queryB\\vendor\\laravel\\framework\\src\\Illuminate\\Database\\Connection.php(779): Illuminate\\Database\\Connection->runQueryCallback('create table `u...', Array, Object(Closure))
#3 C:\\xampp\\htdocs\\Actividad2_Laravel_Query\\23.01.25_QueryBuilder_1\\Query2\\queryB\\vendor\\laravel\\framework\\src\\Illuminate\\Database\\Connection.php(560): Illuminate\\Database\\Connection->run('create table `u...', Array, Object(Closure))
#4 C:\\xampp\\htdocs\\Actividad2_Laravel_Query\\23.01.25_QueryBuilder_1\\Query2\\queryB\\vendor\\laravel\\framework\\src\\Illuminate\\Database\\Schema\\Blueprint.php(118): Illuminate\\Database\\Connection->statement('create table `u...')
#5 C:\\xampp\\htdocs\\Actividad2_Laravel_Query\\23.01.25_QueryBuilder_1\\Query2\\queryB\\vendor\\laravel\\framework\\src\\Illuminate\\Database\\Schema\\Builder.php(564): Illuminate\\Database\\Schema\\Blueprint->build(Object(Illuminate\\Database\\MySqlConnection), Object(Illuminate\\Database\\Schema\\Grammars\\MySqlGrammar))
#6 C:\\xampp\\htdocs\\Actividad2_Laravel_Query\\23.01.25_QueryBuilder_1\\Query2\\queryB\\vendor\\laravel\\framework\\src\\Illuminate\\Database\\Schema\\Builder.php(418): Illuminate\\Database\\Schema\\Builder->build(Object(Illuminate\\Database\\Schema\\Blueprint))
#7 C:\\xampp\\htdocs\\Actividad2_Laravel_Query\\23.01.25_QueryBuilder_1\\Query2\\queryB\\vendor\\laravel\\framework\\src\\Illuminate\\Support\\Facades\\Facade.php(361): Illuminate\\Database\\Schema\\Builder->create('usuarios', Object(Closure))
#8 C:\\xampp\\htdocs\\Actividad2_Laravel_Query\\23.01.25_QueryBuilder_1\\Query2\\queryB\\database\\migrations\\2025_01_25_025715_create_usuarios_table.php(14): Illuminate\\Support\\Facades\\Facade::__callStatic('create', Array)
#9 C:\\xampp\\htdocs\\Actividad2_Laravel_Query\\23.01.25_QueryBuilder_1\\Query2\\queryB\\vendor\\laravel\\framework\\src\\Illuminate\\Database\\Migrations\\Migrator.php(476): Illuminate\\Database\\Migrations\\Migration@anonymous->up()
#10 C:\\xampp\\htdocs\\Actividad2_Laravel_Query\\23.01.25_QueryBuilder_1\\Query2\\queryB\\vendor\\laravel\\framework\\src\\Illuminate\\Database\\Migrations\\Migrator.php(401): Illuminate\\Database\\Migrations\\Migrator->runMethod(Object(Illuminate\\Database\\MySqlConnection), Object(Illuminate\\Database\\Migrations\\Migration@anonymous), 'up')
#11 C:\\xampp\\htdocs\\Actividad2_Laravel_Query\\23.01.25_QueryBuilder_1\\Query2\\queryB\\vendor\\laravel\\framework\\src\\Illuminate\\Database\\Migrations\\Migrator.php(410): Illuminate\\Database\\Migrations\\Migrator->Illuminate\\Database\\Migrations\\{closure}()
#12 C:\\xampp\\htdocs\\Actividad2_Laravel_Query\\23.01.25_QueryBuilder_1\\Query2\\queryB\\vendor\\laravel\\framework\\src\\Illuminate\\Database\\Migrations\\Migrator.php(213): Illuminate\\Database\\Migrations\\Migrator->runMigration(Object(Illuminate\\Database\\Migrations\\Migration@anonymous), 'up')
#13 C:\\xampp\\htdocs\\Actividad2_Laravel_Query\\23.01.25_QueryBuilder_1\\Query2\\queryB\\vendor\\laravel\\framework\\src\\Illuminate\\Console\\View\\Components\\Task.php(40): Illuminate\\Database\\Migrations\\Migrator->Illuminate\\Database\\Migrations\\{closure}()
#14 C:\\xampp\\htdocs\\Actividad2_Laravel_Query\\23.01.25_QueryBuilder_1\\Query2\\queryB\\vendor\\laravel\\framework\\src\\Illuminate\\Database\\Migrations\\Migrator.php(737): Illuminate\\Console\\View\\Components\\Task->render('2025_01_25_0257...', Object(Closure))
#15 C:\\xampp\\htdocs\\Actividad2_Laravel_Query\\23.01.25_QueryBuilder_1\\Query2\\queryB\\vendor\\laravel\\framework\\src\\Illuminate\\Database\\Migrations\\Migrator.php(213): Illuminate\\Database\\Migrations\\Migrator->write('Illuminate\\\\Cons...', '2025_01_25_0257...', Object(Closure))
#16 C:\\xampp\\htdocs\\Actividad2_Laravel_Query\\23.01.25_QueryBuilder_1\\Query2\\queryB\\vendor\\laravel\\framework\\src\\Illuminate\\Database\\Migrations\\Migrator.php(180): Illuminate\\Database\\Migrations\\Migrator->runUp('C:\\\\xampp\\\\htdocs...', 2, false)
#17 C:\\xampp\\htdocs\\Actividad2_Laravel_Query\\23.01.25_QueryBuilder_1\\Query2\\queryB\\vendor\\laravel\\framework\\src\\Illuminate\\Database\\Migrations\\Migrator.php(123): Illuminate\\Database\\Migrations\\Migrator->runPending(Array, Array)
#18 C:\\xampp\\htdocs\\Actividad2_Laravel_Query\\23.01.25_QueryBuilder_1\\Query2\\queryB\\vendor\\laravel\\framework\\src\\Illuminate\\Database\\Console\\Migrations\\MigrateCommand.php(116): Illuminate\\Database\\Migrations\\Migrator->run(Array, Array)
#19 C:\\xampp\\htdocs\\Actividad2_Laravel_Query\\23.01.25_QueryBuilder_1\\Query2\\queryB\\vendor\\laravel\\framework\\src\\Illuminate\\Database\\Migrations\\Migrator.php(616): Illuminate\\Database\\Console\\Migrations\\MigrateCommand->Illuminate\\Database\\Console\\Migrations\\{closure}()
#20 C:\\xampp\\htdocs\\Actividad2_Laravel_Query\\23.01.25_QueryBuilder_1\\Query2\\queryB\\vendor\\laravel\\framework\\src\\Illuminate\\Database\\Console\\Migrations\\MigrateCommand.php(109): Illuminate\\Database\\Migrations\\Migrator->usingConnection(NULL, Object(Closure))
#21 C:\\xampp\\htdocs\\Actividad2_Laravel_Query\\23.01.25_QueryBuilder_1\\Query2\\queryB\\vendor\\laravel\\framework\\src\\Illuminate\\Database\\Console\\Migrations\\MigrateCommand.php(88): Illuminate\\Database\\Console\\Migrations\\MigrateCommand->runMigrations()
#22 C:\\xampp\\htdocs\\Actividad2_Laravel_Query\\23.01.25_QueryBuilder_1\\Query2\\queryB\\vendor\\laravel\\framework\\src\\Illuminate\\Container\\BoundMethod.php(36): Illuminate\\Database\\Console\\Migrations\\MigrateCommand->handle()
#23 C:\\xampp\\htdocs\\Actividad2_Laravel_Query\\23.01.25_QueryBuilder_1\\Query2\\queryB\\vendor\\laravel\\framework\\src\\Illuminate\\Container\\Util.php(43): Illuminate\\Container\\BoundMethod::Illuminate\\Container\\{closure}()
#24 C:\\xampp\\htdocs\\Actividad2_Laravel_Query\\23.01.25_QueryBuilder_1\\Query2\\queryB\\vendor\\laravel\\framework\\src\\Illuminate\\Container\\BoundMethod.php(95): Illuminate\\Container\\Util::unwrapIfClosure(Object(Closure))
#25 C:\\xampp\\htdocs\\Actividad2_Laravel_Query\\23.01.25_QueryBuilder_1\\Query2\\queryB\\vendor\\laravel\\framework\\src\\Illuminate\\Container\\BoundMethod.php(35): Illuminate\\Container\\BoundMethod::callBoundMethod(Object(Illuminate\\Foundation\\Application), Array, Object(Closure))
#26 C:\\xampp\\htdocs\\Actividad2_Laravel_Query\\23.01.25_QueryBuilder_1\\Query2\\queryB\\vendor\\laravel\\framework\\src\\Illuminate\\Container\\Container.php(694): Illuminate\\Container\\BoundMethod::call(Object(Illuminate\\Foundation\\Application), Array, Array, NULL)
#27 C:\\xampp\\htdocs\\Actividad2_Laravel_Query\\23.01.25_QueryBuilder_1\\Query2\\queryB\\vendor\\laravel\\framework\\src\\Illuminate\\Console\\Command.php(213): Illuminate\\Container\\Container->call(Array)
#28 C:\\xampp\\htdocs\\Actividad2_Laravel_Query\\23.01.25_QueryBuilder_1\\Query2\\queryB\\vendor\\symfony\\console\\Command\\Command.php(279): Illuminate\\Console\\Command->execute(Object(Symfony\\Component\\Console\\Input\\ArgvInput), Object(Illuminate\\Console\\OutputStyle))
#29 C:\\xampp\\htdocs\\Actividad2_Laravel_Query\\23.01.25_QueryBuilder_1\\Query2\\queryB\\vendor\\laravel\\framework\\src\\Illuminate\\Console\\Command.php(182): Symfony\\Component\\Console\\Command\\Command->run(Object(Symfony\\Component\\Console\\Input\\ArgvInput), Object(Illuminate\\Console\\OutputStyle))
#30 C:\\xampp\\htdocs\\Actividad2_Laravel_Query\\23.01.25_QueryBuilder_1\\Query2\\queryB\\vendor\\symfony\\console\\Application.php(1094): Illuminate\\Console\\Command->run(Object(Symfony\\Component\\Console\\Input\\ArgvInput), Object(Symfony\\Component\\Console\\Output\\ConsoleOutput))
#31 C:\\xampp\\htdocs\\Actividad2_Laravel_Query\\23.01.25_QueryBuilder_1\\Query2\\queryB\\vendor\\symfony\\console\\Application.php(342): Symfony\\Component\\Console\\Application->doRunCommand(Object(Illuminate\\Database\\Console\\Migrations\\MigrateCommand), Object(Symfony\\Component\\Console\\Input\\ArgvInput), Object(Symfony\\Component\\Console\\Output\\ConsoleOutput))
#32 C:\\xampp\\htdocs\\Actividad2_Laravel_Query\\23.01.25_QueryBuilder_1\\Query2\\queryB\\vendor\\symfony\\console\\Application.php(193): Symfony\\Component\\Console\\Application->doRun(Object(Symfony\\Component\\Console\\Input\\ArgvInput), Object(Symfony\\Component\\Console\\Output\\ConsoleOutput))
#33 C:\\xampp\\htdocs\\Actividad2_Laravel_Query\\23.01.25_QueryBuilder_1\\Query2\\queryB\\vendor\\laravel\\framework\\src\\Illuminate\\Foundation\\Console\\Kernel.php(198): Symfony\\Component\\Console\\Application->run(Object(Symfony\\Component\\Console\\Input\\ArgvInput), Object(Symfony\\Component\\Console\\Output\\ConsoleOutput))
#34 C:\\xampp\\htdocs\\Actividad2_Laravel_Query\\23.01.25_QueryBuilder_1\\Query2\\queryB\\vendor\\laravel\\framework\\src\\Illuminate\\Foundation\\Application.php(1208): Illuminate\\Foundation\\Console\\Kernel->handle(Object(Symfony\\Component\\Console\\Input\\ArgvInput), Object(Symfony\\Component\\Console\\Output\\ConsoleOutput))
#35 C:\\xampp\\htdocs\\Actividad2_Laravel_Query\\23.01.25_QueryBuilder_1\\Query2\\queryB\\artisan(13): Illuminate\\Foundation\\Application->handleCommand(Object(Symfony\\Component\\Console\\Input\\ArgvInput))
#36 {main}
"} 
